Arguments: 
  /usr/local/opt/nvm/versions/node/v8.9.4/bin/node /usr/local/Cellar/yarn/1.0.2/libexec/bin/yarn.js init

PATH: 
  /usr/local/opt/nvm/versions/node/v8.9.4/bin:/Users/brandonseda/.rbenv/shims:/Users/brandonseda/.bin:.git/safe/../../bin:/Users/brandonseda/.rbenv/shims:/Users/brandonseda/.bin:/usr/local/bin:/usr/local/bin:/usr/bin:/bin:/usr/sbin:/sbin:/Users/brandonseda/bin:/usr/local/lib/node_modules

Yarn version: 
  1.0.2

Node version: 
  8.9.4

Platform: 
  darwin x64

npm manifest: 
  No manifest

yarn manifest: 
  No manifest

Lockfile: 
  No lockfile

Trace: 
  Error: canceled
      at Interface.<anonymous> (/usr/local/Cellar/yarn/1.0.2/libexec/lib/cli.js:115330:13)
      at emitNone (events.js:106:13)
      at Interface.emit (events.js:208:7)
      at Interface._ttyWrite (readline.js:775:16)
      at ReadStream.onkeypress (readline.js:160:10)
      at emitTwo (events.js:126:13)
      at ReadStream.emit (events.js:214:7)
      at emitKeys (internal/readline.js:420:14)
      at emitKeys.next (<anonymous>)
      at ReadStream.onData (readline.js:1011:36)
